Sending Logstash's logs to /usr/share/logstash/logs which is now configured via log4j2.properties
[2017-04-20T03:49:21,257][INFO ][logstash.outputs.elasticsearch] Elasticsearch pool URLs updated {:changes=>{:removed=>[], :added=>[http://logstash_system:xxxxxx@elasticsearch:9200/_xpack/monitoring/?system_id=logstash&system_api_version=2&interval=1s]}}
[2017-04-20T03:49:21,260][INFO ][logstash.outputs.elasticsearch] Running health check to see if an Elasticsearch connection is working {:healthcheck_url=>http://logstash_system:xxxxxx@elasticsearch:9200/, :path=>"/"}
[2017-04-20T03:49:21,339][WARN ][logstash.outputs.elasticsearch] Restored connection to ES instance {:url=>#<URI::HTTP:0x4f19f214 URL:http://logstash_system:xxxxxx@elasticsearch:9200/>}
[2017-04-20T03:49:21,341][INFO ][logstash.outputs.elasticsearch] New Elasticsearch output {:class=>"LogStash::Outputs::ElasticSearch", :hosts=>[#<URI::HTTP:0x23518c4a URL:http://elasticsearch:9200>]}
[2017-04-20T03:49:21,342][INFO ][logstash.pipeline        ] Starting pipeline {"id"=>".monitoring-logstash", "pipeline.workers"=>1, "pipeline.batch.size"=>2, "pipeline.batch.delay"=>5, "pipeline.max_inflight"=>2}
[2017-04-20T03:49:21,350][INFO ][logstash.pipeline        ] Pipeline .monitoring-logstash started
[2017-04-20T03:49:21,367][INFO ][logstash.outputs.elasticsearch] Elasticsearch pool URLs updated {:changes=>{:removed=>[], :added=>[http://elastic:xxxxxx@elasticsearch:9200/]}}
[2017-04-20T03:49:21,368][INFO ][logstash.outputs.elasticsearch] Running health check to see if an Elasticsearch connection is working {:healthcheck_url=>http://elastic:xxxxxx@elasticsearch:9200/, :path=>"/"}
[2017-04-20T03:49:21,371][WARN ][logstash.outputs.elasticsearch] Restored connection to ES instance {:url=>#<URI::HTTP:0x507ea1e3 URL:http://elastic:xxxxxx@elasticsearch:9200/>}
[2017-04-20T03:49:21,376][INFO ][logstash.outputs.elasticsearch] Using mapping template from {:path=>nil}
[2017-04-20T03:49:21,405][INFO ][logstash.outputs.elasticsearch] Attempting to install template {:manage_template=>{"template"=>"logstash-*", "version"=>50001, "settings"=>{"index.refresh_interval"=>"5s"}, "mappings"=>{"_default_"=>{"_all"=>{"enabled"=>true, "norms"=>false}, "dynamic_templates"=>[{"message_field"=>{"path_match"=>"message", "match_mapping_type"=>"string", "mapping"=>{"type"=>"text", "norms"=>false}}}, {"string_fields"=>{"match"=>"*", "match_mapping_type"=>"string", "mapping"=>{"type"=>"text", "norms"=>false, "fields"=>{"keyword"=>{"type"=>"keyword"}}}}}], "properties"=>{"@timestamp"=>{"type"=>"date", "include_in_all"=>false}, "@version"=>{"type"=>"keyword", "include_in_all"=>false}, "geoip"=>{"dynamic"=>true, "properties"=>{"ip"=>{"type"=>"ip"}, "location"=>{"type"=>"geo_point"}, "latitude"=>{"type"=>"half_float"}, "longitude"=>{"type"=>"half_float"}}}}}}}}
[2017-04-20T03:49:21,409][INFO ][logstash.outputs.elasticsearch] New Elasticsearch output {:class=>"LogStash::Outputs::ElasticSearch", :hosts=>[#<URI::Generic:0x4d44b3ac URL://elasticsearch:9200>]}
[2017-04-20T03:49:21,425][INFO ][logstash.pipeline        ] Starting pipeline {"id"=>"main", "pipeline.workers"=>4, "pipeline.batch.size"=>125, "pipeline.batch.delay"=>5, "pipeline.max_inflight"=>500}
[2017-04-20T03:49:21,522][INFO ][logstash.pipeline        ] Pipeline main started
[2017-04-20T03:49:21,572][INFO ][logstash.agent           ] Successfully started Logstash API endpoint {:port=>9601}
Sending Logstash's logs to /usr/share/logstash/logs which is now configured via log4j2.properties
[2017-04-20T03:49:30,281][INFO ][logstash.outputs.elasticsearch] Elasticsearch pool URLs updated {:changes=>{:removed=>[], :added=>[http://logstash_system:xxxxxx@elasticsearch:9200/_xpack/monitoring/?system_id=logstash&system_api_version=2&interval=1s]}}
[2017-04-20T03:49:30,283][INFO ][logstash.outputs.elasticsearch] Running health check to see if an Elasticsearch connection is working {:healthcheck_url=>http://logstash_system:xxxxxx@elasticsearch:9200/, :path=>"/"}
[2017-04-20T03:49:30,369][WARN ][logstash.outputs.elasticsearch] Restored connection to ES instance {:url=>#<URI::HTTP:0x2780bb98 URL:http://logstash_system:xxxxxx@elasticsearch:9200/>}
[2017-04-20T03:49:30,371][INFO ][logstash.outputs.elasticsearch] New Elasticsearch output {:class=>"LogStash::Outputs::ElasticSearch", :hosts=>[#<URI::HTTP:0x497f899a URL:http://elasticsearch:9200>]}
[2017-04-20T03:49:30,372][INFO ][logstash.pipeline        ] Starting pipeline {"id"=>".monitoring-logstash", "pipeline.workers"=>1, "pipeline.batch.size"=>2, "pipeline.batch.delay"=>5, "pipeline.max_inflight"=>2}
[2017-04-20T03:49:30,378][INFO ][logstash.pipeline        ] Pipeline .monitoring-logstash started
[2017-04-20T03:49:30,394][INFO ][logstash.outputs.elasticsearch] Elasticsearch pool URLs updated {:changes=>{:removed=>[], :added=>[http://elastic:xxxxxx@elasticsearch:9200/]}}
[2017-04-20T03:49:30,395][INFO ][logstash.outputs.elasticsearch] Running health check to see if an Elasticsearch connection is working {:healthcheck_url=>http://elastic:xxxxxx@elasticsearch:9200/, :path=>"/"}
[2017-04-20T03:49:30,399][WARN ][logstash.outputs.elasticsearch] Restored connection to ES instance {:url=>#<URI::HTTP:0x2a32a018 URL:http://elastic:xxxxxx@elasticsearch:9200/>}
[2017-04-20T03:49:30,400][INFO ][logstash.outputs.elasticsearch] Using mapping template from {:path=>nil}
[2017-04-20T03:49:30,431][INFO ][logstash.outputs.elasticsearch] Attempting to install template {:manage_template=>{"template"=>"logstash-*", "version"=>50001, "settings"=>{"index.refresh_interval"=>"5s"}, "mappings"=>{"_default_"=>{"_all"=>{"enabled"=>true, "norms"=>false}, "dynamic_templates"=>[{"message_field"=>{"path_match"=>"message", "match_mapping_type"=>"string", "mapping"=>{"type"=>"text", "norms"=>false}}}, {"string_fields"=>{"match"=>"*", "match_mapping_type"=>"string", "mapping"=>{"type"=>"text", "norms"=>false, "fields"=>{"keyword"=>{"type"=>"keyword"}}}}}], "properties"=>{"@timestamp"=>{"type"=>"date", "include_in_all"=>false}, "@version"=>{"type"=>"keyword", "include_in_all"=>false}, "geoip"=>{"dynamic"=>true, "properties"=>{"ip"=>{"type"=>"ip"}, "location"=>{"type"=>"geo_point"}, "latitude"=>{"type"=>"half_float"}, "longitude"=>{"type"=>"half_float"}}}}}}}}
[2017-04-20T03:49:30,433][INFO ][logstash.outputs.elasticsearch] New Elasticsearch output {:class=>"LogStash::Outputs::ElasticSearch", :hosts=>[#<URI::Generic:0x3bf9dba URL://elasticsearch:9200>]}
[2017-04-20T03:49:30,446][INFO ][logstash.pipeline        ] Starting pipeline {"id"=>"main", "pipeline.workers"=>4, "pipeline.batch.size"=>125, "pipeline.batch.delay"=>5, "pipeline.max_inflight"=>500}
[2017-04-20T03:49:30,550][INFO ][logstash.pipeline        ] Pipeline main started
[2017-04-20T03:49:30,634][INFO ][logstash.agent           ] Successfully started Logstash API endpoint {:port=>9602}
Sending Logstash's logs to /usr/share/logstash/logs which is now configured via log4j2.properties
[2017-04-20T05:27:00,873][INFO ][logstash.outputs.elasticsearch] Elasticsearch pool URLs updated {:changes=>{:removed=>[], :added=>[http://logstash_system:xxxxxx@elasticsearch:9200/_xpack/monitoring/?system_id=logstash&system_api_version=2&interval=1s]}}
[2017-04-20T05:27:00,875][INFO ][logstash.outputs.elasticsearch] Running health check to see if an Elasticsearch connection is working {:healthcheck_url=>http://logstash_system:xxxxxx@elasticsearch:9200/, :path=>"/"}
[2017-04-20T05:27:00,959][WARN ][logstash.outputs.elasticsearch] Restored connection to ES instance {:url=>#<URI::HTTP:0x414081f0 URL:http://logstash_system:xxxxxx@elasticsearch:9200/>}
[2017-04-20T05:27:00,960][INFO ][logstash.outputs.elasticsearch] New Elasticsearch output {:class=>"LogStash::Outputs::ElasticSearch", :hosts=>[#<URI::HTTP:0x3db1c869 URL:http://elasticsearch:9200>]}
[2017-04-20T05:27:00,961][INFO ][logstash.pipeline        ] Starting pipeline {"id"=>".monitoring-logstash", "pipeline.workers"=>1, "pipeline.batch.size"=>2, "pipeline.batch.delay"=>5, "pipeline.max_inflight"=>2}
[2017-04-20T05:27:00,967][INFO ][logstash.pipeline        ] Pipeline .monitoring-logstash started
[2017-04-20T05:27:00,990][INFO ][logstash.outputs.elasticsearch] Elasticsearch pool URLs updated {:changes=>{:removed=>[], :added=>[http://elastic:xxxxxx@elasticsearch:9200/]}}
[2017-04-20T05:27:00,990][INFO ][logstash.outputs.elasticsearch] Running health check to see if an Elasticsearch connection is working {:healthcheck_url=>http://elastic:xxxxxx@elasticsearch:9200/, :path=>"/"}
[2017-04-20T05:27:00,996][WARN ][logstash.outputs.elasticsearch] Restored connection to ES instance {:url=>#<URI::HTTP:0x755cf073 URL:http://elastic:xxxxxx@elasticsearch:9200/>}
[2017-04-20T05:27:00,998][INFO ][logstash.outputs.elasticsearch] Using mapping template from {:path=>nil}
[2017-04-20T05:27:01,024][INFO ][logstash.outputs.elasticsearch] Attempting to install template {:manage_template=>{"template"=>"logstash-*", "version"=>50001, "settings"=>{"index.refresh_interval"=>"5s"}, "mappings"=>{"_default_"=>{"_all"=>{"enabled"=>true, "norms"=>false}, "dynamic_templates"=>[{"message_field"=>{"path_match"=>"message", "match_mapping_type"=>"string", "mapping"=>{"type"=>"text", "norms"=>false}}}, {"string_fields"=>{"match"=>"*", "match_mapping_type"=>"string", "mapping"=>{"type"=>"text", "norms"=>false, "fields"=>{"keyword"=>{"type"=>"keyword"}}}}}], "properties"=>{"@timestamp"=>{"type"=>"date", "include_in_all"=>false}, "@version"=>{"type"=>"keyword", "include_in_all"=>false}, "geoip"=>{"dynamic"=>true, "properties"=>{"ip"=>{"type"=>"ip"}, "location"=>{"type"=>"geo_point"}, "latitude"=>{"type"=>"half_float"}, "longitude"=>{"type"=>"half_float"}}}}}}}}
[2017-04-20T05:27:01,027][INFO ][logstash.outputs.elasticsearch] New Elasticsearch output {:class=>"LogStash::Outputs::ElasticSearch", :hosts=>[#<URI::Generic:0x35a10bc URL://elasticsearch:9200>]}
[2017-04-20T05:27:01,051][INFO ][logstash.pipeline        ] Starting pipeline {"id"=>"main", "pipeline.workers"=>4, "pipeline.batch.size"=>125, "pipeline.batch.delay"=>5, "pipeline.max_inflight"=>500}
[2017-04-20T05:27:01,201][INFO ][logstash.pipeline        ] Pipeline main started
[2017-04-20T05:27:01,278][INFO ][logstash.agent           ] Successfully started Logstash API endpoint {:port=>9603}
Sending Logstash's logs to /usr/share/logstash/logs which is now configured via log4j2.properties
[2017-04-20T05:27:10,419][INFO ][logstash.outputs.elasticsearch] Elasticsearch pool URLs updated {:changes=>{:removed=>[], :added=>[http://logstash_system:xxxxxx@elasticsearch:9200/_xpack/monitoring/?system_id=logstash&system_api_version=2&interval=1s]}}
[2017-04-20T05:27:10,422][INFO ][logstash.outputs.elasticsearch] Running health check to see if an Elasticsearch connection is working {:healthcheck_url=>http://logstash_system:xxxxxx@elasticsearch:9200/, :path=>"/"}
[2017-04-20T05:27:10,534][WARN ][logstash.outputs.elasticsearch] Restored connection to ES instance {:url=>#<URI::HTTP:0x67fd7504 URL:http://logstash_system:xxxxxx@elasticsearch:9200/>}
[2017-04-20T05:27:10,539][INFO ][logstash.outputs.elasticsearch] New Elasticsearch output {:class=>"LogStash::Outputs::ElasticSearch", :hosts=>[#<URI::HTTP:0x238deb55 URL:http://elasticsearch:9200>]}
[2017-04-20T05:27:10,540][INFO ][logstash.pipeline        ] Starting pipeline {"id"=>".monitoring-logstash", "pipeline.workers"=>1, "pipeline.batch.size"=>2, "pipeline.batch.delay"=>5, "pipeline.max_inflight"=>2}
[2017-04-20T05:27:10,541][INFO ][logstash.pipeline        ] Pipeline .monitoring-logstash started
[2017-04-20T05:27:10,554][INFO ][logstash.outputs.elasticsearch] Elasticsearch pool URLs updated {:changes=>{:removed=>[], :added=>[http://elastic:xxxxxx@elasticsearch:9200/]}}
[2017-04-20T05:27:10,556][INFO ][logstash.outputs.elasticsearch] Running health check to see if an Elasticsearch connection is working {:healthcheck_url=>http://elastic:xxxxxx@elasticsearch:9200/, :path=>"/"}
[2017-04-20T05:27:10,563][WARN ][logstash.outputs.elasticsearch] Restored connection to ES instance {:url=>#<URI::HTTP:0x2a157d81 URL:http://elastic:xxxxxx@elasticsearch:9200/>}
[2017-04-20T05:27:10,567][INFO ][logstash.outputs.elasticsearch] Using mapping template from {:path=>nil}
[2017-04-20T05:27:10,600][INFO ][logstash.outputs.elasticsearch] Attempting to install template {:manage_template=>{"template"=>"logstash-*", "version"=>50001, "settings"=>{"index.refresh_interval"=>"5s"}, "mappings"=>{"_default_"=>{"_all"=>{"enabled"=>true, "norms"=>false}, "dynamic_templates"=>[{"message_field"=>{"path_match"=>"message", "match_mapping_type"=>"string", "mapping"=>{"type"=>"text", "norms"=>false}}}, {"string_fields"=>{"match"=>"*", "match_mapping_type"=>"string", "mapping"=>{"type"=>"text", "norms"=>false, "fields"=>{"keyword"=>{"type"=>"keyword"}}}}}], "properties"=>{"@timestamp"=>{"type"=>"date", "include_in_all"=>false}, "@version"=>{"type"=>"keyword", "include_in_all"=>false}, "geoip"=>{"dynamic"=>true, "properties"=>{"ip"=>{"type"=>"ip"}, "location"=>{"type"=>"geo_point"}, "latitude"=>{"type"=>"half_float"}, "longitude"=>{"type"=>"half_float"}}}}}}}}
[2017-04-20T05:27:10,603][INFO ][logstash.outputs.elasticsearch] New Elasticsearch output {:class=>"LogStash::Outputs::ElasticSearch", :hosts=>[#<URI::Generic:0x4fec4a3b URL://elasticsearch:9200>]}
[2017-04-20T05:27:10,618][INFO ][logstash.pipeline        ] Starting pipeline {"id"=>"main", "pipeline.workers"=>4, "pipeline.batch.size"=>125, "pipeline.batch.delay"=>5, "pipeline.max_inflight"=>500}
[2017-04-20T05:27:10,713][INFO ][logstash.pipeline        ] Pipeline main started
[2017-04-20T05:27:10,794][INFO ][logstash.agent           ] Successfully started Logstash API endpoint {:port=>9604}
